<?xml version="1.0" encoding="UTF-8"?>
<!-- Generated by org.testng.reporters.JUnitReportReporter -->
<testsuite hostname="DESKTOP-FUGQNF4" failures="0" tests="2" name="com.insurance.lifeInsurance.testscript.Nominee_EditNominee_Annotation_Test" time="-1673509248.000" errors="1" timestamp="2023-01-12T13:09:57 IST" skipped="1">
  <testcase classname="com.insurance.lifeInsurance.testscript.Nominee_EditNominee_Annotation_Test" name="configBc" time="-1673509248.000">
    <error message="
Parameter &#039;Browser&#039; is required by BeforeClass on method configBc but has not been marked @Optional or defined
in C:\Users\Administrator\eclipse-workspace\com.LifeInsuranceManagement\BatchLifeInsutestng.xml" type="org.testng.TestNGException">
      <![CDATA[org.testng.TestNGException: 
Parameter 'Browser' is required by BeforeClass on method configBc but has not been marked @Optional or defined
in C:\Users\Administrator\eclipse-workspace\com.LifeInsuranceManagement\BatchLifeInsutestng.xml
at org.testng.internal.Parameters.createParams(Parameters.java:270)
at org.testng.internal.Parameters.createParametersForMethod(Parameters.java:358)
at org.testng.internal.Parameters.createParameters(Parameters.java:700)
at org.testng.internal.Parameters.createConfigurationParameters(Parameters.java:168)
at org.testng.internal.ConfigInvoker.invokeConfigurations(ConfigInvoker.java:302)
at org.testng.internal.TestMethodWorker.invokeBeforeClassMethods(TestMethodWorker.java:176)
at org.testng.internal.TestMethodWorker.run(TestMethodWorker.java:122)
at java.base/java.util.ArrayList.forEach(ArrayList.java:1511)
at org.testng.TestRunner.privateRun(TestRunner.java:794)
at org.testng.TestRunner.run(TestRunner.java:596)
at org.testng.SuiteRunner.runTest(SuiteRunner.java:377)
at org.testng.SuiteRunner.access$000(SuiteRunner.java:28)
at org.testng.SuiteRunner$SuiteWorker.run(SuiteRunner.java:418)
at org.testng.internal.thread.ThreadUtil.lambda$execute$0(ThreadUtil.java:64)
at java.base/java.util.concurrent.FutureTask.run(FutureTask.java:264)
at java.base/java.util.concurrent.ThreadPoolExecutor.runWorker(ThreadPoolExecutor.java:1130)
at java.base/java.util.concurrent.ThreadPoolExecutor$Worker.run(ThreadPoolExecutor.java:630)
at java.base/java.lang.Thread.run(Thread.java:831)
]]>
    </error>
  </testcase> <!-- configBc -->
  <system-out/>
  <testcase classname="com.insurance.lifeInsurance.testscript.Nominee_EditNominee_Annotation_Test" name="editNominee" time="0.000">
    <skipped/>
  </testcase> <!-- editNominee -->
  <system-out/>
</testsuite> <!-- com.insurance.lifeInsurance.testscript.Nominee_EditNominee_Annotation_Test -->
